<?xml version="1.0" encoding="UTF-8"?>
<!-- Generated by org.testng.reporters.JUnitXMLReporter -->
<testsuite ignored="0" hostname="Promit-PC" failures="2" tests="5" name="Test" time="158.084" errors="0" timestamp="2022-05-05T16:21:47 IST">
  <testcase classname="LoginRegisterPagesAuto.Reistration2DataProvider" name="AregistrationWithDataProvider" time="38.927"/>
  <testcase classname="LoginRegisterPagesAuto.Reistration2DataProvider" name="AregistrationWithDataProvider" time="36.176"/>
  <testcase classname="LoginRegisterPagesAuto.Reistration2DataProvider" name="loginPage2" time="22.73">
    <failure type="org.openqa.selenium.NoSuchElementException" message="An element could not be located on the page using the given search parameters.
For documentation on this error, please visit: https://www.seleniumhq.org/exceptions/no_such_element.html
Build info: version: &amp;apos;3.141.59&amp;apos;, revision: &amp;apos;e82be7d358&amp;apos;, time: &amp;apos;2018-11-14T08:17:03&amp;apos;
System info: host: &amp;apos;PROMIT-PC&amp;apos;, ip: &amp;apos;192.168.2.109&amp;apos;, os.name: &amp;apos;Windows 11&amp;apos;, os.arch: &amp;apos;amd64&amp;apos;, os.version: &amp;apos;10.0&amp;apos;, java.version: &amp;apos;17.0.2&amp;apos;
Driver info: io.appium.java_client.android.AndroidDriver
Capabilities {appActivity: com.atlmt.ui.splash.Splash, appPackage: com.atlmt, automationName: uiautomator2, databaseEnabled: false, desired: {appActivity: com.atlmt.ui.splash.Splash, appPackage: com.atlmt, automationName: uiautomator2, deviceName: Redmi Note 9 Pro, platformName: android, udid: 4b546ff8}, deviceApiLevel: 30, deviceManufacturer: Xiaomi, deviceModel: Redmi Note 9 Pro, deviceName: 4b546ff8, deviceScreenDensity: 440, deviceScreenSize: 1080x2400, deviceUDID: 4b546ff8, javascriptEnabled: true, locationContextEnabled: false, networkConnectionEnabled: true, pixelRatio: 2.75, platform: LINUX, platformName: Android, platformVersion: 11, statBarHeight: 102, takesScreenshot: true, udid: 4b546ff8, viewportRect: {height: 2066, left: 0, top: 102, width: 1080}, warnings: {}, webStorageEnabled: false}
Session ID: 44c3017b-c8a2-44bf-9d3b-4989b12a1f3f
*** Element info: {Using=xpath, value=//android.widget.Button[@text=&amp;apos;Already Registered? Login&amp;apos;]}">
      <![CDATA[org.openqa.selenium.NoSuchElementException: An element could not be located on the page using the given search parameters.
For documentation on this error, please visit: https://www.seleniumhq.org/exceptions/no_such_element.html
Build info: version: '3.141.59', revision: 'e82be7d358', time: '2018-11-14T08:17:03'
System info: host: 'PROMIT-PC', ip: '192.168.2.109', os.name: 'Windows 11', os.arch: 'amd64', os.version: '10.0', java.version: '17.0.2'
Driver info: io.appium.java_client.android.AndroidDriver
Capabilities {appActivity: com.atlmt.ui.splash.Splash, appPackage: com.atlmt, automationName: uiautomator2, databaseEnabled: false, desired: {appActivity: com.atlmt.ui.splash.Splash, appPackage: com.atlmt, automationName: uiautomator2, deviceName: Redmi Note 9 Pro, platformName: android, udid: 4b546ff8}, deviceApiLevel: 30, deviceManufacturer: Xiaomi, deviceModel: Redmi Note 9 Pro, deviceName: 4b546ff8, deviceScreenDensity: 440, deviceScreenSize: 1080x2400, deviceUDID: 4b546ff8, javascriptEnabled: true, locationContextEnabled: false, networkConnectionEnabled: true, pixelRatio: 2.75, platform: LINUX, platformName: Android, platformVersion: 11, statBarHeight: 102, takesScreenshot: true, udid: 4b546ff8, viewportRect: {height: 2066, left: 0, top: 102, width: 1080}, warnings: {}, webStorageEnabled: false}
Session ID: 44c3017b-c8a2-44bf-9d3b-4989b12a1f3f
*** Element info: {Using=xpath, value=//android.widget.Button[@text='Already Registered? Login']}
at org.openqa.selenium.remote.http.W3CHttpResponseCodec.createException(W3CHttpResponseCodec.java:187)
at org.openqa.selenium.remote.http.W3CHttpResponseCodec.decode(W3CHttpResponseCodec.java:122)
at org.openqa.selenium.remote.http.W3CHttpResponseCodec.decode(W3CHttpResponseCodec.java:49)
at org.openqa.selenium.remote.HttpCommandExecutor.execute(HttpCommandExecutor.java:158)
at io.appium.java_client.remote.AppiumCommandExecutor.execute(AppiumCommandExecutor.java:250)
at org.openqa.selenium.remote.RemoteWebDriver.execute(RemoteWebDriver.java:552)
at io.appium.java_client.DefaultGenericMobileDriver.execute(DefaultGenericMobileDriver.java:41)
at io.appium.java_client.AppiumDriver.execute(AppiumDriver.java:1)
at io.appium.java_client.android.AndroidDriver.execute(AndroidDriver.java:1)
at org.openqa.selenium.remote.RemoteWebDriver.findElement(RemoteWebDriver.java:323)
at io.appium.java_client.DefaultGenericMobileDriver.findElement(DefaultGenericMobileDriver.java:61)
at io.appium.java_client.AppiumDriver.findElement(AppiumDriver.java:1)
at io.appium.java_client.android.AndroidDriver.findElement(AndroidDriver.java:1)
at org.openqa.selenium.remote.RemoteWebDriver.findElementByXPath(RemoteWebDriver.java:428)
at io.appium.java_client.DefaultGenericMobileDriver.findElementByXPath(DefaultGenericMobileDriver.java:151)
at io.appium.java_client.AppiumDriver.findElementByXPath(AppiumDriver.java:1)
at io.appium.java_client.android.AndroidDriver.findElementByXPath(AndroidDriver.java:1)
at LoginRegisterPagesAuto.Reistration2DataProvider.loginPage2(Reistration2DataProvider.java:76)
at java.base/java.util.ArrayList.forEach(ArrayList.java:1511)
... Removed 32 stack frames]]>
    </failure>
  </testcase> <!-- loginPage2 -->
  <testcase classname="LoginRegisterPagesAuto.Reistration2DataProvider" name="loginPage2" time="18.819"/>
  <testcase classname="ForgetPasswordAuto.ForgetPassword" name="ForgorPwd" time="22.779">
    <failure type="org.openqa.selenium.NoSuchElementException" message="An element could not be located on the page using the given search parameters.
For documentation on this error, please visit: https://www.seleniumhq.org/exceptions/no_such_element.html
Build info: version: &amp;apos;3.141.59&amp;apos;, revision: &amp;apos;e82be7d358&amp;apos;, time: &amp;apos;2018-11-14T08:17:03&amp;apos;
System info: host: &amp;apos;PROMIT-PC&amp;apos;, ip: &amp;apos;192.168.2.109&amp;apos;, os.name: &amp;apos;Windows 11&amp;apos;, os.arch: &amp;apos;amd64&amp;apos;, os.version: &amp;apos;10.0&amp;apos;, java.version: &amp;apos;17.0.2&amp;apos;
Driver info: io.appium.java_client.android.AndroidDriver
Capabilities {appActivity: com.atlmt.ui.splash.Splash, appPackage: com.atlmt, automationName: uiautomator2, databaseEnabled: false, desired: {appActivity: com.atlmt.ui.splash.Splash, appPackage: com.atlmt, automationName: uiautomator2, deviceName: Redmi Note 9 Pro, platformName: android, udid: 4b546ff8}, deviceApiLevel: 30, deviceManufacturer: Xiaomi, deviceModel: Redmi Note 9 Pro, deviceName: 4b546ff8, deviceScreenDensity: 440, deviceScreenSize: 1080x2400, deviceUDID: 4b546ff8, javascriptEnabled: true, locationContextEnabled: false, networkConnectionEnabled: true, pixelRatio: 2.75, platform: LINUX, platformName: Android, platformVersion: 11, statBarHeight: 102, takesScreenshot: true, udid: 4b546ff8, viewportRect: {height: 2066, left: 0, top: 102, width: 1080}, warnings: {}, webStorageEnabled: false}
Session ID: d57e70d4-48d1-4571-93ca-cd53ff9bc91c
*** Element info: {Using=xpath, value=//android.widget.Button[@text=&amp;apos;Already Registered? Login&amp;apos;]}">
        <![CDATA[org.openqa.selenium.NoSuchElementException: An element could not be located on the page using the given search parameters.
For documentation on this error, please visit: https://www.seleniumhq.org/exceptions/no_such_element.html
Build info: version: '3.141.59', revision: 'e82be7d358', time: '2018-11-14T08:17:03'
System info: host: 'PROMIT-PC', ip: '192.168.2.109', os.name: 'Windows 11', os.arch: 'amd64', os.version: '10.0', java.version: '17.0.2'
Driver info: io.appium.java_client.android.AndroidDriver
Capabilities {appActivity: com.atlmt.ui.splash.Splash, appPackage: com.atlmt, automationName: uiautomator2, databaseEnabled: false, desired: {appActivity: com.atlmt.ui.splash.Splash, appPackage: com.atlmt, automationName: uiautomator2, deviceName: Redmi Note 9 Pro, platformName: android, udid: 4b546ff8}, deviceApiLevel: 30, deviceManufacturer: Xiaomi, deviceModel: Redmi Note 9 Pro, deviceName: 4b546ff8, deviceScreenDensity: 440, deviceScreenSize: 1080x2400, deviceUDID: 4b546ff8, javascriptEnabled: true, locationContextEnabled: false, networkConnectionEnabled: true, pixelRatio: 2.75, platform: LINUX, platformName: Android, platformVersion: 11, statBarHeight: 102, takesScreenshot: true, udid: 4b546ff8, viewportRect: {height: 2066, left: 0, top: 102, width: 1080}, warnings: {}, webStorageEnabled: false}
Session ID: d57e70d4-48d1-4571-93ca-cd53ff9bc91c
*** Element info: {Using=xpath, value=//android.widget.Button[@text='Already Registered? Login']}
at org.openqa.selenium.remote.http.W3CHttpResponseCodec.createException(W3CHttpResponseCodec.java:187)
at org.openqa.selenium.remote.http.W3CHttpResponseCodec.decode(W3CHttpResponseCodec.java:122)
at org.openqa.selenium.remote.http.W3CHttpResponseCodec.decode(W3CHttpResponseCodec.java:49)
at org.openqa.selenium.remote.HttpCommandExecutor.execute(HttpCommandExecutor.java:158)
at io.appium.java_client.remote.AppiumCommandExecutor.execute(AppiumCommandExecutor.java:250)
at org.openqa.selenium.remote.RemoteWebDriver.execute(RemoteWebDriver.java:552)
at io.appium.java_client.DefaultGenericMobileDriver.execute(DefaultGenericMobileDriver.java:41)
at io.appium.java_client.AppiumDriver.execute(AppiumDriver.java:1)
at io.appium.java_client.android.AndroidDriver.execute(AndroidDriver.java:1)
at org.openqa.selenium.remote.RemoteWebDriver.findElement(RemoteWebDriver.java:323)
at io.appium.java_client.DefaultGenericMobileDriver.findElement(DefaultGenericMobileDriver.java:61)
at io.appium.java_client.AppiumDriver.findElement(AppiumDriver.java:1)
at io.appium.java_client.android.AndroidDriver.findElement(AndroidDriver.java:1)
at org.openqa.selenium.remote.RemoteWebDriver.findElementByXPath(RemoteWebDriver.java:428)
at io.appium.java_client.DefaultGenericMobileDriver.findElementByXPath(DefaultGenericMobileDriver.java:151)
at io.appium.java_client.AppiumDriver.findElementByXPath(AppiumDriver.java:1)
at io.appium.java_client.android.AndroidDriver.findElementByXPath(AndroidDriver.java:1)
at ForgetPasswordAuto.ForgetPasswordAuto.ForgorPwd(ForgetPasswordAuto.java:27)
at java.base/java.util.ArrayList.forEach(ArrayList.java:1511)
... Removed 32 stack frames]]>
    </failure>
  </testcase> <!-- ForgorPwd -->
</testsuite> <!-- Test -->
