<?xml version="1.0" encoding="UTF-8"?>
<testng-results ignored="0" total="1" passed="1" failed="0" skipped="0">
  <reporter-output>
  </reporter-output>
  <suite started-at="2022-05-05T16:28:27 IST" name="Default suite" finished-at="2022-05-05T16:28:46 IST" duration-ms="19158">
    <groups>
    </groups>
    <test started-at="2022-05-05T16:28:27 IST" name="Default test" finished-at="2022-05-05T16:28:46 IST" duration-ms="19158">
      <class name="ForgetPasswordAuto.ForgetPassword">
        <test-method signature="ForgorPwd()[pri:0, instance:AtlMobileAppAuto.ForgetPassword@22ef9844]" started-at="2022-05-05T16:28:27 IST" name="ForgorPwd" finished-at="2022-05-05T16:28:46 IST" duration-ms="19134" status="PASS">
          <reporter-output>
          </reporter-output>
        </test-method> <!-- ForgorPwd -->
      </class> <!-- ForgetPasswordAuto.ForgetPasswordAuto -->
    </test> <!-- Default test -->
  </suite> <!-- Default suite -->
</testng-results>
